2026-03-08 18:10:13,636 [INFO] Départ Grand Scraping CineHorizons...
2026-03-08 18:10:14,442 [INFO] Traitement page 0 : https://www.cinehorizons.net/bandes-annonces-prochains-films
2026-03-08 18:10:18,551 [INFO] Sauvegardé (Cine) : Allah n'est pas obligé
2026-03-08 18:10:20,025 [INFO] Sauvegardé (Cine) : Toy Story 5
2026-03-08 18:10:21,309 [INFO] Sauvegardé (Cine) : Le Réveil de la Momie
2026-03-08 18:10:22,591 [INFO] Sauvegardé (Cine) : Orphelin
2026-03-08 18:10:23,916 [INFO] Sauvegardé (Cine) : Il maestro
2026-03-08 18:10:25,475 [INFO] Sauvegardé (Cine) : The Mandalorian and Grogu
2026-03-08 18:10:26,747 [INFO] Sauvegardé (Cine) : Les rayons et les ombres
2026-03-08 18:10:27,748 [INFO] Traitement page 1 : https://www.cinehorizons.net/bandes-annonces-prochains-films?page=1
2026-03-08 18:10:28,718 [INFO] Sauvegardé (Cine) : Les rayons et les ombres
2026-03-08 18:10:30,045 [INFO] Sauvegardé (Cine) : Pour le meilleur
2026-03-08 18:10:31,358 [INFO] Sauvegardé (Cine) : Iron Lung
2026-03-08 18:10:32,622 [INFO] Sauvegardé (Cine) : Mauvaise Pioche
2026-03-08 18:10:33,892 [INFO] Sauvegardé (Cine) : Ceux qui comptent
2026-03-08 18:10:35,192 [INFO] Sauvegardé (Cine) : Police Flash 80
2026-03-08 18:10:36,509 [INFO] Sauvegardé (Cine) : Compostelle
2026-03-08 18:10:37,837 [INFO] Sauvegardé (Cine) : La Guerre des prix
2026-03-08 18:10:39,647 [INFO] Sauvegardé (Cine) : EPiC: Elvis Presley in Concert
2026-03-08 18:10:41,459 [INFO] Sauvegardé (Cine) : Woman and Child
2026-03-08 18:10:42,459 [INFO] Traitement page 2 : https://www.cinehorizons.net/bandes-annonces-prochains-films?page=2
2026-03-08 18:10:43,438 [INFO] Sauvegardé (Cine) : Nino dans la nuit
2026-03-08 18:10:44,824 [INFO] Sauvegardé (Cine) : Projet dernière chance
2026-03-08 18:10:46,126 [INFO] Sauvegardé (Cine) : Les Minions 3
2026-03-08 18:10:47,459 [INFO] Sauvegardé (Cine) : Disclosure Day
2026-03-08 18:10:48,777 [INFO] Sauvegardé (Cine) : Supergirl : Woman of Tomorrow
2026-03-08 18:10:50,107 [INFO] Sauvegardé (Cine) : Christy
2026-03-08 18:10:51,426 [INFO] Sauvegardé (Cine) : Rural
2026-03-08 18:10:52,739 [INFO] Sauvegardé (Cine) : La fille du Konbini
2026-03-08 18:10:54,050 [INFO] Sauvegardé (Cine) : Une jeunesse indienne
2026-03-08 18:10:55,360 [INFO] Sauvegardé (Cine) : Is This Thing On?
2026-03-08 18:10:56,361 [INFO] Traitement page 3 : https://www.cinehorizons.net/bandes-annonces-prochains-films?page=3
2026-03-08 18:10:57,008 [INFO] Sauvegardé (Cine) : Le son des souvenirs
2026-03-08 18:10:58,411 [INFO] Sauvegardé (Cine) : Le Sifflet
2026-03-08 18:10:59,710 [INFO] Sauvegardé (Cine) : Le diable s'habille en Prada 2
2026-03-08 18:11:01,031 [INFO] Sauvegardé (Cine) : Cocorico 2
2026-03-08 18:11:02,350 [INFO] Sauvegardé (Cine) : Les K d'Or
2026-03-08 18:11:03,658 [INFO] Sauvegardé (Cine) : Michael
2026-03-08 18:11:04,948 [INFO] Sauvegardé (Cine) : Michael
2026-03-08 18:11:06,238 [INFO] Sauvegardé (Cine) : La corde au cou
2026-03-08 18:11:07,557 [INFO] Sauvegardé (Cine) : Le Crime du 3e étage
2026-03-08 18:11:08,873 [INFO] Sauvegardé (Cine) : La lumière ne meurt jamais
2026-03-08 18:11:09,873 [INFO] Traitement page 4 : https://www.cinehorizons.net/bandes-annonces-prochains-films?page=4
2026-03-08 18:11:10,888 [INFO] Sauvegardé (Cine) : La lumière ne meurt jamais
2026-03-08 18:11:12,667 [INFO] Sauvegardé (Cine) : Biscuit le chien fantastique
2026-03-08 18:11:13,994 [INFO] Sauvegardé (Cine) : Deux femmes et quelques hommes
2026-03-08 18:11:15,451 [INFO] Sauvegardé (Cine) : La maison des femmes
2026-03-08 18:11:16,736 [INFO] Sauvegardé (Cine) : The Mastermind
2026-03-08 18:11:18,000 [INFO] Sauvegardé (Cine) : La Famille Addams
2026-03-08 18:11:19,296 [INFO] Sauvegardé (Cine) : Kiss of the Spider Woman
2026-03-08 18:11:20,617 [INFO] Sauvegardé (Cine) : David
2026-03-08 18:11:21,892 [INFO] Sauvegardé (Cine) : La Grazia
2026-03-08 18:11:23,184 [INFO] Sauvegardé (Cine) : Sainte-Marie-aux-Mines
2026-03-08 18:11:24,184 [INFO] Traitement page 5 : https://www.cinehorizons.net/bandes-annonces-prochains-films?page=5
2026-03-08 18:11:25,479 [INFO] Sauvegardé (Cine) : Godzilla x Kong: Supernova
2026-03-08 18:11:27,543 [INFO] Sauvegardé (Cine) : The Angry Birds Movie 3
2026-03-08 18:11:29,269 [INFO] Sauvegardé (Cine) : L'Âge de glace 6
2026-03-08 18:11:30,700 [INFO] Sauvegardé (Cine) : La Poupée
2026-03-08 18:11:31,994 [INFO] Sauvegardé (Cine) : The Bride !
2026-03-08 18:11:33,300 [INFO] Sauvegardé (Cine) : Supergirl : Woman of Tomorrow
2026-03-08 18:11:34,604 [INFO] Sauvegardé (Cine) : Alter Ego
2026-03-08 18:11:35,913 [INFO] Sauvegardé (Cine) : Un monde fragile et merveilleux
2026-03-08 18:11:37,190 [INFO] Sauvegardé (Cine) : Les Maîtres de l'Univers
2026-03-08 18:11:38,455 [INFO] Sauvegardé (Cine) : Les Maîtres de l'Univers
2026-03-08 18:11:39,455 [INFO] Traitement page 6 : https://www.cinehorizons.net/bandes-annonces-prochains-films?page=6
2026-03-08 18:11:40,586 [INFO] Sauvegardé (Cine) : Un été à la ferme
2026-03-08 18:11:41,996 [INFO] Sauvegardé (Cine) : Aucun autre choix
2026-03-08 18:11:43,312 [INFO] Sauvegardé (Cine) : Nuremberg
2026-03-08 18:11:44,613 [INFO] Sauvegardé (Cine) : Maigret et le mort amoureux
2026-03-08 18:11:45,911 [INFO] Sauvegardé (Cine) : They Will Kill You
2026-03-08 18:11:47,254 [INFO] Sauvegardé (Cine) : Coutures
2026-03-08 18:11:48,554 [INFO] Sauvegardé (Cine) : Primate
2026-03-08 18:11:49,847 [INFO] Sauvegardé (Cine) : Avengers : Doomsday
2026-03-08 18:11:51,109 [INFO] Sauvegardé (Cine) : Super Mario Galaxy Le Film
2026-03-08 18:11:52,444 [INFO] Sauvegardé (Cine) : La Danse des renards
2026-03-08 18:11:53,445 [INFO] Traitement page 7 : https://www.cinehorizons.net/bandes-annonces-prochains-films?page=7
2026-03-08 18:11:54,516 [INFO] Sauvegardé (Cine) : Reminders of Him
2026-03-08 18:11:55,769 [INFO] Sauvegardé (Cine) : Sukkwan Island
2026-03-08 18:11:57,059 [INFO] Sauvegardé (Cine) : À pied d'oeuvre
2026-03-08 18:11:58,357 [INFO] Sauvegardé (Cine) : Le Rêve Américain
2026-03-08 18:11:59,701 [INFO] Sauvegardé (Cine) : Forêt Rouge
2026-03-08 18:12:00,995 [INFO] Sauvegardé (Cine) : Digger
2026-03-08 18:12:02,288 [INFO] Sauvegardé (Cine) : Cold storage
2026-03-08 18:12:03,598 [INFO] Sauvegardé (Cine) : LOL 2.0
2026-03-08 18:12:04,908 [INFO] Sauvegardé (Cine) : Avengers : Doomsday
2026-03-08 18:12:06,198 [INFO] Sauvegardé (Cine) : Scarlet et l'éternité
2026-03-08 18:12:07,198 [INFO] Traitement page 8 : https://www.cinehorizons.net/bandes-annonces-prochains-films?page=8
2026-03-08 18:12:08,571 [INFO] Sauvegardé (Cine) : Les Enfants de la Résistance
2026-03-08 18:12:09,860 [INFO] Sauvegardé (Cine) : Tafiti
2026-03-08 18:12:11,177 [INFO] Sauvegardé (Cine) : Amour Apocalypse
2026-03-08 18:12:12,491 [INFO] Sauvegardé (Cine) : Eleonora Duse
2026-03-08 18:12:13,792 [INFO] Sauvegardé (Cine) : Avengers : Doomsday
2026-03-08 18:12:15,098 [INFO] Sauvegardé (Cine) : The Odyssey
2026-03-08 18:12:16,453 [INFO] Sauvegardé (Cine) : L'Infiltrée
2026-03-08 18:12:17,821 [INFO] Sauvegardé (Cine) : Le Chat chapeauté
2026-03-08 18:12:19,085 [INFO] Sauvegardé (Cine) : Street Fighter
2026-03-08 18:12:20,373 [INFO] Sauvegardé (Cine) : Le Secret du Loup d'Éthiopie
2026-03-08 18:12:21,375 [INFO] Traitement page 9 : https://www.cinehorizons.net/bandes-annonces-prochains-films?page=9
2026-03-08 18:12:22,255 [INFO] Sauvegardé (Cine) : Jumpers
2026-03-08 18:12:23,528 [INFO] Sauvegardé (Cine) : Les Légendaires
2026-03-08 18:12:24,825 [INFO] Sauvegardé (Cine) : Christy and his brother
2026-03-08 18:12:26,131 [INFO] Sauvegardé (Cine) : Palestine 36
2026-03-08 18:12:27,876 [INFO] Sauvegardé (Cine) : Laguna
2026-03-08 18:12:29,203 [INFO] Sauvegardé (Cine) : Disclosure Day
2026-03-08 18:12:31,729 [INFO] Sauvegardé (Cine) : La pire mère au monde
2026-03-08 18:12:33,031 [INFO] Sauvegardé (Cine) : De Gaulle - Partie 1 (La France libre)
2026-03-08 18:12:34,352 [INFO] Sauvegardé (Cine) : Avatar : Fire and Ash
2026-03-08 18:12:35,703 [INFO] Sauvegardé (Cine) : Father Mother Sister Brother
2026-03-08 18:12:36,766 [INFO] Départ Grand Scraping TMDb...
2026-03-08 18:12:36,767 [INFO] Traitement TMDb page 1
2026-03-08 18:12:37,816 [INFO] Sauvegardé (TMDb) : L'ultime Héritier
2026-03-08 18:12:38,079 [INFO] Sauvegardé (TMDb) : Julian
2026-03-08 18:12:38,331 [INFO] Sauvegardé (TMDb) : Reminders of Him
2026-03-08 18:12:38,478 [INFO] Sauvegardé (TMDb) : Dolly
2026-03-08 18:12:38,772 [INFO] Sauvegardé (TMDb) : They Will Kill You
2026-03-08 18:12:38,915 [INFO] Sauvegardé (TMDb) : Le Testament d’Ann Lee
2026-03-08 18:12:39,041 [INFO] Sauvegardé (TMDb) : Scarlet et l'éternité
2026-03-08 18:12:39,671 [INFO] Sauvegardé (TMDb) : Ce qu’il reste de nous
2026-03-08 18:12:39,818 [INFO] Sauvegardé (TMDb) : Les rayons et les ombres
2026-03-08 18:12:39,818 [INFO] Traitement TMDb page 2
2026-03-08 18:12:39,975 [INFO] Sauvegardé (TMDb) : Les rayons et les ombres
2026-03-08 18:12:40,395 [INFO] Sauvegardé (TMDb) : Un jour avec mon père
2026-03-08 18:12:40,900 [INFO] Sauvegardé (TMDb) : Yellow Letters
2026-03-08 18:12:41,277 [INFO] Sauvegardé (TMDb) : Love on Trial
2026-03-08 18:12:42,033 [INFO] Sauvegardé (TMDb) : Orphelin
2026-03-08 18:12:42,409 [INFO] Sauvegardé (TMDb) : La guerre des prix
2026-03-08 18:12:42,409 [INFO] Traitement TMDb page 3
2026-03-08 18:12:42,693 [INFO] Sauvegardé (TMDb) : La guerre des prix
2026-03-08 18:12:42,944 [INFO] Sauvegardé (TMDb) : Planètes
2026-03-08 18:12:43,196 [INFO] Sauvegardé (TMDb) : Walter Lapin
2026-03-08 18:12:43,340 [INFO] Sauvegardé (TMDb) : Victor comme tout le monde
2026-03-08 18:12:43,505 [INFO] Sauvegardé (TMDb) : Le Crime du 3e étage
2026-03-08 18:12:44,039 [INFO] Sauvegardé (TMDb) : Les K d'Or
2026-03-08 18:12:44,288 [INFO] Sauvegardé (TMDb) : Police Flash 80
2026-03-08 18:12:44,807 [INFO] Traitement TMDb page 4
2026-03-08 18:12:45,124 [INFO] Sauvegardé (TMDb) : L'île de la demoiselle
2026-03-08 18:12:45,272 [INFO] Sauvegardé (TMDb) : Derrière les palmiers
2026-03-08 18:12:45,685 [INFO] Sauvegardé (TMDb) : L'odyssée de Céleste
2026-03-08 18:12:45,827 [INFO] Sauvegardé (TMDb) : Compostelle
2026-03-08 18:12:45,981 [INFO] Sauvegardé (TMDb) : Les filles du ciel
2026-03-08 18:12:46,660 [INFO] Sauvegardé (TMDb) : Silentium
2026-03-08 18:12:47,295 [INFO] Traitement TMDb page 5
2026-03-08 18:12:47,681 [INFO] Sauvegardé (TMDb) : Jungle Race
2026-03-08 18:12:47,806 [INFO] Traitement TMDb page 6
2026-03-08 18:12:47,940 [INFO] Traitement TMDb page 7
2026-03-08 18:12:48,074 [INFO] Traitement TMDb page 8
2026-03-08 18:12:48,211 [INFO] Traitement TMDb page 9
2026-03-08 18:12:48,345 [INFO] Traitement TMDb page 10
