2025-11-10 20:57:22,982 [INFO] ============================================================
2025-11-10 20:57:22,983 [INFO] 🚀 Lancement du script de mise à jour des bandes-annonces
2025-11-10 20:57:22,983 [INFO] ============================================================
2025-11-10 20:57:22,983 [INFO] 📋 0 bandes-annonces déjà en base
2025-11-10 20:57:22,983 [INFO] 🎬 [CineHorizons] Démarrage du scraping...
2025-11-10 20:57:25,684 [INFO] ✅ Ajouté : Chers parents
2025-11-10 20:57:26,503 [INFO] ✅ Ajouté : Scream 7
2025-11-10 20:57:27,029 [INFO] ✅ Ajouté : Pompei, Sotto le Nuvole
2025-11-10 20:57:27,119 [INFO] ✅ [CineHorizons] 3 nouvelles bandes-annonces trouvées.
2025-11-10 20:57:27,119 [INFO] 🎞 [TMDb] Démarrage du scraping...
2025-11-10 20:57:27,843 [INFO] ✅ Ajouté : Zootopie 2
2025-11-10 20:57:27,861 [INFO] ✅ Ajouté : Insaisissables 3
2025-11-10 20:57:27,870 [INFO] ✅ Ajouté : Wicked : Partie II
2025-11-10 20:57:27,872 [INFO] ✅ [TMDb] 3 nouvelles bandes-annonces ajoutées.
2025-11-10 20:57:27,875 [INFO] 💾 Fichier HTML mis à jour : D:\projet_webs\CHEF D'OEUVRE\l_oeil_critique\bande_annonces_blocs.html
2025-11-10 20:57:27,878 [INFO] 🏷️  Badge NOUVEAU appliqué aux 6 premiers articles
2025-11-10 20:57:27,879 [INFO] ✅ 6 nouvelles bandes-annonces ajoutées.
2025-11-10 20:57:29,941 [INFO] ✅ Push GitHub réussi.
2025-11-10 20:57:29,941 [INFO] ============================================================
2025-11-10 20:57:29,943 [INFO] ✅ Script terminé avec succès
2025-11-10 20:57:29,944 [INFO] ============================================================
2025-11-10 20:59:36,340 [INFO] ============================================================
2025-11-10 20:59:36,340 [INFO] 🚀 Lancement du script de mise à jour des bandes-annonces
2025-11-10 20:59:36,340 [INFO] ============================================================
2025-11-10 20:59:36,340 [INFO] 📋 6 bandes-annonces déjà en base
2025-11-10 20:59:36,341 [INFO] 🎬 [CineHorizons] Démarrage du scraping...
2025-11-10 20:59:38,824 [INFO] ✅ [CineHorizons] 0 nouvelles bandes-annonces trouvées.
2025-11-10 20:59:38,824 [INFO] 🎞 [TMDb] Démarrage du scraping...
2025-11-10 20:59:39,506 [INFO] ✅ Ajouté : Running Man
2025-11-10 20:59:39,516 [INFO] ✅ [TMDb] 1 nouvelles bandes-annonces ajoutées.
2025-11-10 20:59:39,518 [INFO] 💾 Fichier HTML mis à jour : D:\projet_webs\CHEF D'OEUVRE\l_oeil_critique\bande_annonces_blocs.html
2025-11-10 20:59:39,519 [INFO] 🏷️  Badge NOUVEAU appliqué aux 6 premiers articles
2025-11-10 20:59:39,520 [INFO] ✅ 1 nouvelles bandes-annonces ajoutées.
2025-11-11 07:26:46,818 [INFO] ============================================================
2025-11-11 07:26:46,818 [INFO] 🚀 Lancement du script de mise à jour des bandes-annonces
2025-11-11 07:26:46,818 [INFO] ============================================================
2025-11-11 07:26:46,818 [INFO] 📋 7 bandes-annonces déjà en base
2025-11-11 07:26:46,818 [INFO] 🎬 [CineHorizons] Démarrage du scraping...
2025-11-11 07:26:51,418 [INFO] ✅ [CineHorizons] 0 nouvelles bandes-annonces trouvées.
2025-11-11 07:26:51,418 [INFO] 🎞 [TMDb] Démarrage du scraping...
2025-11-11 07:26:51,977 [INFO] ✅ Ajouté : G.O.A.T.
2025-11-11 07:26:51,978 [INFO] ✅ [TMDb] 1 nouvelles bandes-annonces ajoutées.
2025-11-11 07:26:51,980 [INFO] 💾 Fichier HTML mis à jour : /home/runner/work/l-oeil-critique/l-oeil-critique/l_oeil_critique/bande_annonces_blocs.html
2025-11-11 07:26:51,980 [INFO] 🏷️  Badge NOUVEAU appliqué aux 6 premiers articles
2025-11-11 07:26:51,980 [INFO] ✅ 1 nouvelles bandes-annonces ajoutées.
2025-11-12 07:26:31,917 [INFO] ============================================================
2025-11-12 07:26:31,918 [INFO] 🚀 Lancement du script de mise à jour des bandes-annonces
2025-11-12 07:26:31,918 [INFO] ============================================================
2025-11-12 07:26:31,918 [INFO] 📋 8 bandes-annonces déjà en base
2025-11-12 07:26:31,918 [INFO] 🎬 [CineHorizons] Démarrage du scraping...
2025-11-12 07:26:35,556 [INFO] ✅ [CineHorizons] 0 nouvelles bandes-annonces trouvées.
2025-11-12 07:26:35,556 [INFO] 🎞 [TMDb] Démarrage du scraping...
2025-11-12 07:26:36,428 [INFO] ✅ Ajouté : Five Nights at Freddy's 2
2025-11-12 07:26:36,429 [INFO] ✅ [TMDb] 1 nouvelles bandes-annonces ajoutées.
2025-11-12 07:26:36,431 [INFO] 💾 Fichier HTML mis à jour : /home/runner/work/l-oeil-critique/l-oeil-critique/l_oeil_critique/bande_annonces_blocs.html
2025-11-12 07:26:36,432 [INFO] 🏷️  Badge NOUVEAU appliqué aux 6 premiers articles
2025-11-12 07:26:36,432 [INFO] ✅ 1 nouvelles bandes-annonces ajoutées.
2025-11-12 19:12:48,931 [INFO] ============================================================
2025-11-12 19:12:48,931 [INFO] 🚀 Lancement du script de mise à jour des bandes-annonces
2025-11-12 19:12:48,931 [INFO] ============================================================
2025-11-12 19:12:48,931 [INFO] 📋 9 bandes-annonces déjà en base
2025-11-12 19:12:48,931 [INFO] 🎬 [CineHorizons] Démarrage du scraping...
2025-11-12 19:12:53,849 [INFO] ✅ Ajouté : Louise
2025-11-12 19:12:54,857 [INFO] ✅ Ajouté : Mektoub my Love : Canto Due
2025-11-12 19:12:55,618 [INFO] ✅ Ajouté : Toy Story 5
2025-11-12 19:12:55,665 [INFO] ✅ [CineHorizons] 3 nouvelles bandes-annonces trouvées.
2025-11-12 19:12:55,665 [INFO] 🎞 [TMDb] Démarrage du scraping...
2025-11-12 19:12:56,485 [INFO] ✅ [TMDb] 0 nouvelles bandes-annonces ajoutées.
2025-11-12 19:12:56,487 [INFO] 💾 Fichier HTML mis à jour : /home/runner/work/l-oeil-critique/l-oeil-critique/l_oeil_critique/bande_annonces_blocs.html
2025-11-12 19:12:56,487 [INFO] 🏷️  Badge NOUVEAU appliqué aux 6 premiers articles
2025-11-12 19:12:56,488 [INFO] ✅ 3 nouvelles bandes-annonces ajoutées.
2025-11-13 19:12:03,621 [INFO] ============================================================
2025-11-13 19:12:03,621 [INFO] 🚀 Lancement du script de mise à jour des bandes-annonces
2025-11-13 19:12:03,621 [INFO] ============================================================
2025-11-13 19:12:03,621 [INFO] 📋 12 bandes-annonces déjà en base
2025-11-13 19:12:03,621 [INFO] 🎬 [CineHorizons] Démarrage du scraping...
2025-11-13 19:12:08,894 [INFO] ✅ Ajouté : Super Mario Galaxy Le Film
2025-11-13 19:12:09,679 [INFO] ✅ Ajouté : Le diable s'habille en Prada 2
2025-11-13 19:12:09,716 [INFO] ✅ [CineHorizons] 2 nouvelles bandes-annonces trouvées.
2025-11-13 19:12:09,716 [INFO] 🎞 [TMDb] Démarrage du scraping...
2025-11-13 19:12:10,778 [INFO] ✅ [TMDb] 0 nouvelles bandes-annonces ajoutées.
2025-11-13 19:12:10,780 [INFO] 💾 Fichier HTML mis à jour : /home/runner/work/l-oeil-critique/l-oeil-critique/l_oeil_critique/bande_annonces_blocs.html
2025-11-13 19:12:10,781 [INFO] 🏷️  Badge NOUVEAU appliqué aux 6 premiers articles
2025-11-13 19:12:10,781 [INFO] ✅ 2 nouvelles bandes-annonces ajoutées.
2025-11-14 19:12:12,181 [INFO] ============================================================
2025-11-14 19:12:12,181 [INFO] 🚀 Lancement du script de mise à jour des bandes-annonces
2025-11-14 19:12:12,181 [INFO] ============================================================
2025-11-14 19:12:12,181 [INFO] 📋 14 bandes-annonces déjà en base
2025-11-14 19:12:12,182 [INFO] 🎬 [CineHorizons] Démarrage du scraping...
2025-11-14 19:12:17,754 [INFO] ✅ Ajouté : Dites-lui que je l'aime
2025-11-14 19:12:18,868 [INFO] ✅ Ajouté : Silver Star
2025-11-14 19:12:19,587 [INFO] ✅ Ajouté : À la poursuite du Père Noël !
2025-11-14 19:12:19,625 [INFO] ✅ [CineHorizons] 3 nouvelles bandes-annonces trouvées.
2025-11-14 19:12:19,625 [INFO] 🎞 [TMDb] Démarrage du scraping...
2025-11-14 19:12:20,545 [INFO] ✅ [TMDb] 0 nouvelles bandes-annonces ajoutées.
2025-11-14 19:12:20,547 [INFO] 💾 Fichier HTML mis à jour : /home/runner/work/l-oeil-critique/l-oeil-critique/l_oeil_critique/bande_annonces_blocs.html
2025-11-14 19:12:20,547 [INFO] 🏷️  Badge NOUVEAU appliqué aux 6 premiers articles
2025-11-14 19:12:20,548 [INFO] ✅ 3 nouvelles bandes-annonces ajoutées.
2025-11-15 07:22:34,857 [INFO] ============================================================
2025-11-15 07:22:34,858 [INFO] 🚀 Lancement du script de mise à jour des bandes-annonces
2025-11-15 07:22:34,858 [INFO] ============================================================
2025-11-15 07:22:34,858 [INFO] 📋 17 bandes-annonces déjà en base
2025-11-15 07:22:34,858 [INFO] 🎬 [CineHorizons] Démarrage du scraping...
2025-11-15 07:22:37,824 [INFO] ✅ [CineHorizons] 0 nouvelles bandes-annonces trouvées.
2025-11-15 07:22:37,824 [INFO] 🎞 [TMDb] Démarrage du scraping...
2025-11-15 07:22:38,191 [INFO] ✅ Ajouté : Running Man
2025-11-15 07:22:38,449 [INFO] ✅ [TMDb] 1 nouvelles bandes-annonces ajoutées.
2025-11-15 07:22:38,451 [INFO] 💾 Fichier HTML mis à jour : /home/runner/work/l-oeil-critique/l-oeil-critique/l_oeil_critique/bande_annonces_blocs.html
2025-11-15 07:22:38,451 [INFO] 🏷️  Badge NOUVEAU appliqué aux 6 premiers articles
2025-11-15 07:22:38,452 [INFO] ✅ 1 nouvelles bandes-annonces ajoutées.
2025-11-19 07:26:39,626 [INFO] ============================================================
2025-11-19 07:26:39,626 [INFO] 🚀 Lancement du script de mise à jour des bandes-annonces
2025-11-19 07:26:39,626 [INFO] ============================================================
2025-11-19 07:26:39,627 [INFO] 📋 18 bandes-annonces déjà en base
2025-11-19 07:26:39,627 [INFO] 🎬 [CineHorizons] Démarrage du scraping...
2025-11-19 07:26:42,721 [INFO] ✅ [CineHorizons] 0 nouvelles bandes-annonces trouvées.
2025-11-19 07:26:42,721 [INFO] 🎞 [TMDb] Démarrage du scraping...
2025-11-19 07:26:42,992 [INFO] ✅ Ajouté : Avatar : De feu et de cendres
2025-11-19 07:26:43,138 [INFO] ✅ [TMDb] 1 nouvelles bandes-annonces ajoutées.
2025-11-19 07:26:43,142 [INFO] 💾 Fichier HTML mis à jour : /home/runner/work/l-oeil-critique/l-oeil-critique/l_oeil_critique/bande_annonces_blocs.html
2025-11-19 07:26:43,142 [INFO] 🏷️  Badge NOUVEAU appliqué aux 6 premiers articles
2025-11-19 07:26:43,142 [INFO] ✅ 1 nouvelles bandes-annonces ajoutées.
2025-11-19 19:12:35,379 [INFO] ============================================================
2025-11-19 19:12:35,379 [INFO] 🚀 Lancement du script de mise à jour des bandes-annonces
2025-11-19 19:12:35,379 [INFO] ============================================================
2025-11-19 19:12:35,379 [INFO] 📋 19 bandes-annonces déjà en base
2025-11-19 19:12:35,379 [INFO] 🎬 [CineHorizons] Démarrage du scraping...
2025-11-19 19:12:39,861 [INFO] ✅ Ajouté : Vaiana, la légende du bout du monde
2025-11-19 19:12:40,662 [INFO] ✅ Ajouté : Projet dernière chance
2025-11-19 19:12:40,710 [INFO] ✅ [CineHorizons] 2 nouvelles bandes-annonces trouvées.
2025-11-19 19:12:40,710 [INFO] 🎞 [TMDb] Démarrage du scraping...
2025-11-19 19:12:41,280 [INFO] ✅ [TMDb] 0 nouvelles bandes-annonces ajoutées.
2025-11-19 19:12:41,282 [INFO] 💾 Fichier HTML mis à jour : /home/runner/work/l-oeil-critique/l-oeil-critique/l_oeil_critique/bande_annonces_blocs.html
2025-11-19 19:12:41,283 [INFO] 🏷️  Badge NOUVEAU appliqué aux 6 premiers articles
2025-11-19 19:12:41,283 [INFO] ✅ 2 nouvelles bandes-annonces ajoutées.
2025-11-20 19:12:15,782 [INFO] ============================================================
2025-11-20 19:12:15,782 [INFO] 🚀 Lancement du script de mise à jour des bandes-annonces
2025-11-20 19:12:15,782 [INFO] ============================================================
2025-11-20 19:12:15,782 [INFO] 📋 21 bandes-annonces déjà en base
2025-11-20 19:12:15,782 [INFO] 🎬 [CineHorizons] Démarrage du scraping...
2025-11-20 19:12:19,780 [INFO] ✅ Ajouté : La pire mère au monde
2025-11-20 19:12:20,590 [INFO] ✅ Ajouté : La Petite Cuisine de Mehdi
2025-11-20 19:12:20,643 [INFO] ✅ [CineHorizons] 2 nouvelles bandes-annonces trouvées.
2025-11-20 19:12:20,643 [INFO] 🎞 [TMDb] Démarrage du scraping...
2025-11-20 19:12:21,228 [INFO] ✅ [TMDb] 0 nouvelles bandes-annonces ajoutées.
2025-11-20 19:12:21,231 [INFO] 💾 Fichier HTML mis à jour : /home/runner/work/l-oeil-critique/l-oeil-critique/l_oeil_critique/bande_annonces_blocs.html
2025-11-20 19:12:21,231 [INFO] 🏷️  Badge NOUVEAU appliqué aux 6 premiers articles
2025-11-20 19:12:21,231 [INFO] ✅ 2 nouvelles bandes-annonces ajoutées.
2025-11-21 19:12:58,126 [INFO] ============================================================
2025-11-21 19:12:58,126 [INFO] 🚀 Lancement du script de mise à jour des bandes-annonces
2025-11-21 19:12:58,126 [INFO] ============================================================
2025-11-21 19:12:58,126 [INFO] 📋 23 bandes-annonces déjà en base
2025-11-21 19:12:58,126 [INFO] 🎬 [CineHorizons] Démarrage du scraping...
2025-11-21 19:13:03,011 [INFO] ✅ Ajouté : Hunger Games : Lever de soleil sur la moisson
2025-11-21 19:13:03,053 [INFO] ✅ [CineHorizons] 1 nouvelles bandes-annonces trouvées.
2025-11-21 19:13:03,053 [INFO] 🎞 [TMDb] Démarrage du scraping...
2025-11-21 19:13:08,183 [INFO] ✅ [TMDb] 0 nouvelles bandes-annonces ajoutées.
2025-11-21 19:13:08,186 [INFO] 💾 Fichier HTML mis à jour : /home/runner/work/l-oeil-critique/l-oeil-critique/l_oeil_critique/bande_annonces_blocs.html
2025-11-21 19:13:08,186 [INFO] 🏷️  Badge NOUVEAU appliqué aux 6 premiers articles
2025-11-21 19:13:08,186 [INFO] ✅ 1 nouvelles bandes-annonces ajoutées.
2025-11-23 19:11:36,038 [INFO] ============================================================
2025-11-23 19:11:36,038 [INFO] 🚀 Lancement du script de mise à jour des bandes-annonces
2025-11-23 19:11:36,038 [INFO] ============================================================
2025-11-23 19:11:36,038 [INFO] 📋 24 bandes-annonces déjà en base
2025-11-23 19:11:36,039 [INFO] 🎬 [CineHorizons] Démarrage du scraping...
2025-11-23 19:11:40,011 [INFO] ✅ [CineHorizons] 0 nouvelles bandes-annonces trouvées.
2025-11-23 19:11:40,011 [INFO] 🎞 [TMDb] Démarrage du scraping...
2025-11-23 19:11:40,849 [INFO] ✅ Ajouté : Bugonia
2025-11-23 19:11:40,952 [INFO] ✅ [TMDb] 1 nouvelles bandes-annonces ajoutées.
2025-11-23 19:11:40,954 [INFO] 💾 Fichier HTML mis à jour : /home/runner/work/l-oeil-critique/l-oeil-critique/l_oeil_critique/bande_annonces_blocs.html
2025-11-23 19:11:40,954 [INFO] 🏷️  Badge NOUVEAU appliqué aux 6 premiers articles
2025-11-23 19:11:40,955 [INFO] ✅ 1 nouvelles bandes-annonces ajoutées.
2025-11-24 19:10:17,722 [INFO] ============================================================
2025-11-24 19:10:17,722 [INFO] 🚀 Lancement du script de mise à jour des bandes-annonces
2025-11-24 19:10:17,722 [INFO] ============================================================
2025-11-24 19:10:17,722 [INFO] 📋 25 bandes-annonces déjà en base
2025-11-24 19:10:17,722 [INFO] 🎬 [CineHorizons] Démarrage du scraping...
2025-11-24 19:10:21,757 [INFO] ✅ Ajouté : Marsupilami
2025-11-24 19:10:22,593 [INFO] ✅ Ajouté : Astérix et le royaume de Nubie
2025-11-24 19:10:22,801 [INFO] ✅ [CineHorizons] 2 nouvelles bandes-annonces trouvées.
2025-11-24 19:10:22,801 [INFO] 🎞 [TMDb] Démarrage du scraping...
2025-11-24 19:10:23,127 [INFO] ✅ [TMDb] 0 nouvelles bandes-annonces ajoutées.
2025-11-24 19:10:23,130 [INFO] 💾 Fichier HTML mis à jour : /home/runner/work/l-oeil-critique/l-oeil-critique/l_oeil_critique/bande_annonces_blocs.html
2025-11-24 19:10:23,130 [INFO] 🏷️  Badge NOUVEAU appliqué aux 6 premiers articles
2025-11-24 19:10:23,130 [INFO] ✅ 2 nouvelles bandes-annonces ajoutées.
2025-11-26 07:26:14,206 [INFO] ============================================================
2025-11-26 07:26:14,206 [INFO] 🚀 Lancement du script de mise à jour des bandes-annonces
2025-11-26 07:26:14,206 [INFO] ============================================================
2025-11-26 07:26:14,206 [INFO] 📋 27 bandes-annonces déjà en base
2025-11-26 07:26:14,206 [INFO] 🎬 [CineHorizons] Démarrage du scraping...
2025-11-26 07:26:17,735 [INFO] ✅ [CineHorizons] 0 nouvelles bandes-annonces trouvées.
2025-11-26 07:26:17,736 [INFO] 🎞 [TMDb] Démarrage du scraping...
2025-11-26 07:26:18,336 [INFO] ✅ Ajouté : L'Élue
2025-11-26 07:26:18,356 [INFO] ✅ Ajouté : La Femme de ménage
2025-11-26 07:26:18,357 [INFO] ✅ [TMDb] 2 nouvelles bandes-annonces ajoutées.
2025-11-26 07:26:18,359 [INFO] 💾 Fichier HTML mis à jour : /home/runner/work/l-oeil-critique/l-oeil-critique/l_oeil_critique/bande_annonces_blocs.html
2025-11-26 07:26:18,360 [INFO] 🏷️  Badge NOUVEAU appliqué aux 6 premiers articles
2025-11-26 07:26:18,360 [INFO] ✅ 2 nouvelles bandes-annonces ajoutées.2025-12-01 15:32:24,316 [INFO] ============================================================
2025-12-01 15:32:24,334 [INFO] 🚀 Lancement du script de mise à jour des bandes-annonces
2025-12-01 15:32:24,335 [INFO] ============================================================
2025-12-01 15:32:24,497 [INFO] 📋 29 bandes-annonces déjà en base
2025-12-01 15:32:24,497 [INFO] 🎬 [CineHorizons] Démarrage du scraping...
2025-12-01 15:32:39,966 [INFO] ✅ Ajouté : Selon Joy
2025-12-01 15:32:40,168 [INFO] ✅ [CineHorizons] 1 nouvelles bandes-annonces trouvées.
2025-12-01 15:32:40,168 [INFO] 🎞 [TMDb] Démarrage du scraping...
2025-12-01 15:32:41,869 [INFO] ✅ [TMDb] 0 nouvelles bandes-annonces ajoutées.
2025-12-01 15:32:41,897 [INFO] 💾 Fichier HTML mis à jour : D:\projet_webs\CHEF D'OEUVRE\l_oeil_critique\bande_annonces_blocs.html
2025-12-01 15:32:41,897 [INFO] 🏷️  Badge NOUVEAU appliqué aux 6 premiers articles
2025-12-01 15:32:41,902 [INFO] ✅ 1 nouvelles bandes-annonces ajoutées.
2025-12-01 15:32:44,597 [ERROR] ❌ Erreur Git : To https://github.com/LOeilCritique69/l-oeil-critique.git
 ! [rejected]        main -> main (fetch first)
error: failed to push some refs to 'https://github.com/LOeilCritique69/l-oeil-critique.git'
hint: Updates were rejected because the remote contains work that you do not
hint: have locally. This is usually caused by another repository pushing to
hint: the same ref. If you want to integrate the remote changes, use
hint: 'git pull' before pushing again.
hint: See the 'Note about fast-forwards' in 'git push --help' for details.

2025-12-01 15:32:44,597 [INFO] ============================================================
2025-12-01 15:32:44,597 [INFO] ✅ Script terminé avec succès
2025-12-01 15:32:44,597 [INFO] ============================================================
2025-12-04 21:10:23,112 [INFO] ============================================================
2025-12-04 21:10:23,130 [INFO] 🚀 Lancement du script de mise à jour des bandes-annonces
2025-12-04 21:10:23,134 [INFO] ============================================================
2025-12-04 21:10:23,186 [INFO] 📋 30 bandes-annonces déjà en base
2025-12-04 21:10:23,186 [INFO] 🎬 [CineHorizons] Démarrage du scraping...
2025-12-04 21:10:39,341 [WARNING] ⚠️ Pas d'iframe trouvée pour Goat – Rêver plus haut
2025-12-04 21:10:39,342 [INFO] ✅ Ajouté : Goat – Rêver plus haut
2025-12-04 21:10:40,318 [INFO] ✅ Ajouté : Dreams
2025-12-04 21:10:40,958 [INFO] ✅ Ajouté : 28 ans plus tard : Le temple des morts
2025-12-04 21:10:41,049 [INFO] ✅ [CineHorizons] 3 nouvelles bandes-annonces trouvées.
2025-12-04 21:10:41,049 [INFO] 🎞 [TMDb] Démarrage du scraping...
2025-12-04 21:10:42,432 [INFO] ✅ Ajouté : Bob L’Éponge – Le Film : Un Pour Tous, Tous Pirates !
2025-12-04 21:10:42,685 [INFO] ✅ [TMDb] 1 nouvelles bandes-annonces ajoutées.
2025-12-04 21:10:42,757 [INFO] 💾 Fichier HTML mis à jour : D:\projet_webs\CHEF D'OEUVRE\l_oeil_critique\bande_annonces_blocs.html
2025-12-04 21:10:42,757 [INFO] 🏷️  Badge NOUVEAU appliqué aux 6 premiers articles
2025-12-04 21:10:42,767 [INFO] ✅ 4 nouvelles bandes-annonces ajoutées.
2025-12-04 21:10:45,194 [ERROR] ❌ Erreur Git : To https://github.com/LOeilCritique69/l-oeil-critique.git
 ! [rejected]        main -> main (fetch first)
error: failed to push some refs to 'https://github.com/LOeilCritique69/l-oeil-critique.git'
hint: Updates were rejected because the remote contains work that you do not
hint: have locally. This is usually caused by another repository pushing to
hint: the same ref. If you want to integrate the remote changes, use
hint: 'git pull' before pushing again.
hint: See the 'Note about fast-forwards' in 'git push --help' for details.

2025-12-04 21:10:45,194 [INFO] ============================================================
2025-12-04 21:10:45,195 [INFO] ✅ Script terminé avec succès
2025-12-04 21:10:45,195 [INFO] ============================================================
2025-12-06 19:56:29,283 [INFO] ============================================================
2025-12-06 19:56:29,299 [INFO] 🚀 Lancement du script de mise à jour des bandes-annonces
2025-12-06 19:56:29,301 [INFO] ============================================================
2025-12-06 19:56:29,329 [INFO] 📋 34 bandes-annonces déjà en base
2025-12-06 19:56:29,329 [INFO] 🎬 [CineHorizons] Démarrage du scraping...
2025-12-06 19:56:42,985 [INFO] ✅ Ajouté : Furcy, né libre
2025-12-06 19:56:43,865 [INFO] ✅ Ajouté : Sur un air de blues
2025-12-06 19:56:43,988 [INFO] ✅ [CineHorizons] 2 nouvelles bandes-annonces trouvées.
2025-12-06 19:56:43,988 [INFO] 🎞 [TMDb] Démarrage du scraping...
2025-12-06 19:56:45,626 [INFO] ✅ [TMDb] 0 nouvelles bandes-annonces ajoutées.
2025-12-06 19:56:45,689 [INFO] 💾 Fichier HTML mis à jour : D:\projet_webs\CHEF D'OEUVRE\l_oeil_critique\bande_annonces_blocs.html
2025-12-06 19:56:45,690 [INFO] 🏷️  Badge NOUVEAU appliqué aux 6 premiers articles
2025-12-06 19:56:45,699 [INFO] ✅ 2 nouvelles bandes-annonces ajoutées.
2025-12-06 19:56:48,897 [ERROR] ❌ Erreur Git : To https://github.com/LOeilCritique69/l-oeil-critique.git
 ! [rejected]        main -> main (fetch first)
error: failed to push some refs to 'https://github.com/LOeilCritique69/l-oeil-critique.git'
hint: Updates were rejected because the remote contains work that you do not
hint: have locally. This is usually caused by another repository pushing to
hint: the same ref. If you want to integrate the remote changes, use
hint: 'git pull' before pushing again.
hint: See the 'Note about fast-forwards' in 'git push --help' for details.

2025-12-06 19:56:48,898 [INFO] ============================================================
2025-12-06 19:56:48,898 [INFO] ✅ Script terminé avec succès
2025-12-06 19:56:48,898 [INFO] ============================================================
2025-12-06 20:12:55,742 [INFO] ============================================================
2025-12-06 20:12:55,777 [INFO] 🚀 Lancement du script de mise à jour des bandes-annonces
2025-12-06 20:12:55,777 [INFO] ============================================================
2025-12-06 20:12:55,813 [INFO] 📋 36 bandes-annonces déjà en base
2025-12-06 20:12:55,820 [INFO] 🎬 [CineHorizons] Démarrage du scraping...
2025-12-06 20:13:01,692 [INFO] ✅ [CineHorizons] 0 nouvelles bandes-annonces trouvées.
2025-12-06 20:13:01,693 [INFO] 🎞 [TMDb] Démarrage du scraping...
2025-12-06 20:13:02,682 [INFO] ✅ [TMDb] 0 nouvelles bandes-annonces ajoutées.
2025-12-06 20:13:02,684 [INFO] ℹ️ Aucune nouvelle bande-annonce détectée.
2025-12-07 13:58:43,178 [INFO] ============================================================
2025-12-07 13:58:43,253 [INFO] 🚀 Lancement du script de mise à jour des bandes-annonces
2025-12-07 13:58:43,254 [INFO] ============================================================
2025-12-07 13:58:43,281 [INFO] 📋 36 bandes-annonces déjà en base
2025-12-07 13:58:43,281 [INFO] 🎬 [CineHorizons] Démarrage du scraping...
2025-12-07 13:58:56,137 [INFO] ✅ [CineHorizons] 0 nouvelles bandes-annonces trouvées.
2025-12-07 13:58:56,137 [INFO] 🎞 [TMDb] Démarrage du scraping...
2025-12-07 13:58:57,911 [INFO] ✅ [TMDb] 0 nouvelles bandes-annonces ajoutées.
2025-12-07 13:58:57,912 [INFO] ℹ️ Aucune nouvelle bande-annonce détectée.
2025-12-08 17:38:06,555 [INFO] ============================================================
2025-12-08 17:38:06,578 [INFO] 🚀 Lancement du script de mise à jour des bandes-annonces
2025-12-08 17:38:06,578 [INFO] ============================================================
2025-12-08 17:38:06,602 [INFO] 📋 36 bandes-annonces déjà en base
2025-12-08 17:38:06,603 [INFO] 🎬 [CineHorizons] Démarrage du scraping...
2025-12-08 17:38:22,682 [INFO] ✅ Ajouté : The Mandalorian and Grogu
2025-12-08 17:38:24,093 [INFO] ✅ Ajouté : Michael
2025-12-08 17:38:27,813 [INFO] ✅ Ajouté : Michael
2025-12-08 17:38:27,934 [INFO] ✅ [CineHorizons] 3 nouvelles bandes-annonces trouvées.
2025-12-08 17:38:27,935 [INFO] 🎞 [TMDb] Démarrage du scraping...
2025-12-08 17:38:29,553 [INFO] ✅ Ajouté : La Femme de ménage
2025-12-08 17:38:29,803 [INFO] ✅ [TMDb] 1 nouvelles bandes-annonces ajoutées.
2025-12-08 17:38:29,823 [INFO] 💾 Fichier HTML mis à jour : D:\projet_webs\CHEF D'OEUVRE\l_oeil_critique\bande_annonces_blocs.html
2025-12-08 17:38:29,824 [INFO] 🏷️  Badge NOUVEAU appliqué aux 6 premiers articles
2025-12-08 17:38:29,824 [INFO] ✅ 4 nouvelles bandes-annonces ajoutées.
2025-12-08 17:38:32,834 [ERROR] ❌ Erreur Git : To https://github.com/LOeilCritique69/l-oeil-critique.git
 ! [rejected]        main -> main (fetch first)
error: failed to push some refs to 'https://github.com/LOeilCritique69/l-oeil-critique.git'
hint: Updates were rejected because the remote contains work that you do not
hint: have locally. This is usually caused by another repository pushing to
hint: the same ref. If you want to integrate the remote changes, use
hint: 'git pull' before pushing again.
hint: See the 'Note about fast-forwards' in 'git push --help' for details.

2025-12-08 17:38:32,835 [INFO] ============================================================
2025-12-08 17:38:32,835 [INFO] ✅ Script terminé avec succès
2025-12-08 17:38:32,836 [INFO] ============================================================
2025-12-09 13:47:17,807 [INFO] ============================================================
2025-12-09 13:47:17,825 [INFO] 🚀 Lancement du script de mise à jour des bandes-annonces
2025-12-09 13:47:17,825 [INFO] ============================================================
2025-12-09 13:47:17,852 [INFO] 📋 40 bandes-annonces déjà en base
2025-12-09 13:47:17,852 [INFO] 🎬 [CineHorizons] Démarrage du scraping...
2025-12-09 13:47:29,525 [INFO] ✅ [CineHorizons] 0 nouvelles bandes-annonces trouvées.
2025-12-09 13:47:29,525 [INFO] 🎞 [TMDb] Démarrage du scraping...
2025-12-09 13:47:31,377 [INFO] ✅ [TMDb] 0 nouvelles bandes-annonces ajoutées.
2025-12-09 13:47:31,378 [INFO] ℹ️ Aucune nouvelle bande-annonce détectée.
2025-12-10 11:37:31,173 [INFO] ============================================================
2025-12-10 11:37:31,189 [INFO] 🚀 Lancement du script de mise à jour des bandes-annonces
2025-12-10 11:37:31,190 [INFO] ============================================================
2025-12-10 11:37:31,209 [INFO] 📋 40 bandes-annonces déjà en base
2025-12-10 11:37:31,209 [INFO] 🎬 [CineHorizons] Démarrage du scraping...
2025-12-10 11:37:42,470 [INFO] ✅ [CineHorizons] 0 nouvelles bandes-annonces trouvées.
2025-12-10 11:37:42,471 [INFO] 🎞 [TMDb] Démarrage du scraping...
2025-12-10 11:37:44,049 [INFO] ✅ [TMDb] 0 nouvelles bandes-annonces ajoutées.
2025-12-10 11:37:44,050 [INFO] ℹ️ Aucune nouvelle bande-annonce détectée.
2025-12-12 18:05:20,678 [INFO] ============================================================
2025-12-12 18:05:20,678 [INFO] 🚀 Lancement du script de mise à jour des bandes-annonces
2025-12-12 18:05:20,679 [INFO] ============================================================
2025-12-12 18:05:20,696 [INFO] 📋 40 bandes-annonces déjà en base
2025-12-12 18:05:20,696 [INFO] 🎬 [CineHorizons] Démarrage du scraping...
2025-12-12 18:05:33,795 [INFO] ✅ Ajouté : Supergirl : Woman of Tomorrow
2025-12-12 18:05:34,525 [INFO] ✅ Ajouté : Qui brille au combat
2025-12-12 18:05:34,626 [INFO] ✅ [CineHorizons] 2 nouvelles bandes-annonces trouvées.
2025-12-12 18:05:34,626 [INFO] 🎞 [TMDb] Démarrage du scraping...
2025-12-12 18:05:36,305 [INFO] ✅ Ajouté : Ella McCay
2025-12-12 18:05:36,307 [INFO] ✅ [TMDb] 1 nouvelles bandes-annonces ajoutées.
2025-12-12 18:05:36,313 [INFO] 💾 Fichier HTML mis à jour : D:\projet_webs\CHEF D'OEUVRE\l_oeil_critique\bande_annonces_blocs.html
2025-12-12 18:05:36,313 [INFO] 🏷️  Badge NOUVEAU appliqué aux 6 premiers articles
2025-12-12 18:05:36,314 [INFO] ✅ 3 nouvelles bandes-annonces ajoutées.
2025-12-12 18:05:38,408 [INFO] ✅ Push GitHub réussi.
2025-12-12 18:05:38,408 [INFO] ============================================================
2025-12-12 18:05:38,408 [INFO] ✅ Script terminé avec succès
2025-12-12 18:05:38,408 [INFO] ============================================================
2025-12-14 19:11:49,652 [INFO] ============================================================
2025-12-14 19:11:49,652 [INFO] 🚀 Lancement du script de mise à jour des bandes-annonces
2025-12-14 19:11:49,652 [INFO] ============================================================
2025-12-14 19:11:49,653 [INFO] 📋 43 bandes-annonces déjà en base
2025-12-14 19:11:49,653 [INFO] 🎬 [CineHorizons] Démarrage du scraping...
2025-12-14 19:11:55,269 [INFO] ✅ Ajouté : Avatar : Fire and Ash
2025-12-14 19:11:56,493 [INFO] ✅ Ajouté : Father Mother Sister Brother
2025-12-14 19:11:57,433 [INFO] ✅ Ajouté : Los Tigres
2025-12-14 19:11:57,514 [INFO] ✅ [CineHorizons] 3 nouvelles bandes-annonces trouvées.
2025-12-14 19:11:57,514 [INFO] 🎞 [TMDb] Démarrage du scraping...
2025-12-14 19:11:58,246 [INFO] ✅ [TMDb] 0 nouvelles bandes-annonces ajoutées.
2025-12-14 19:11:58,249 [INFO] 💾 Fichier HTML mis à jour : /home/runner/work/l-oeil-critique/l-oeil-critique/l_oeil_critique/bande_annonces_blocs.html
2025-12-14 19:11:58,249 [INFO] 🏷️  Badge NOUVEAU appliqué aux 6 premiers articles
2025-12-14 19:11:58,250 [INFO] ✅ 3 nouvelles bandes-annonces ajoutées.
2025-12-15 19:16:16,735 [INFO] ============================================================
2025-12-15 19:16:16,735 [INFO] 🚀 Lancement du script de mise à jour des bandes-annonces
2025-12-15 19:16:16,735 [INFO] ============================================================
2025-12-15 19:16:16,735 [INFO] 📋 46 bandes-annonces déjà en base
2025-12-15 19:16:16,735 [INFO] 🎬 [CineHorizons] Démarrage du scraping...
2025-12-15 19:16:21,410 [INFO] ✅ Ajouté : De Gaulle - Partie 1 (La France libre)
2025-12-15 19:16:21,448 [INFO] ✅ [CineHorizons] 1 nouvelles bandes-annonces trouvées.
2025-12-15 19:16:21,448 [INFO] 🎞 [TMDb] Démarrage du scraping...
2025-12-15 19:16:23,620 [INFO] ✅ [TMDb] 0 nouvelles bandes-annonces ajoutées.
2025-12-15 19:16:23,623 [INFO] 💾 Fichier HTML mis à jour : /home/runner/work/l-oeil-critique/l-oeil-critique/l_oeil_critique/bande_annonces_blocs.html
2025-12-15 19:16:23,623 [INFO] 🏷️  Badge NOUVEAU appliqué aux 6 premiers articles
2025-12-15 19:16:23,623 [INFO] ✅ 1 nouvelles bandes-annonces ajoutées.
2025-12-18 19:14:41,617 [INFO] ============================================================
2025-12-18 19:14:41,617 [INFO] 🚀 Lancement du script de mise à jour des bandes-annonces
2025-12-18 19:14:41,617 [INFO] ============================================================
2025-12-18 19:14:41,617 [INFO] 📋 47 bandes-annonces déjà en base
2025-12-18 19:14:41,618 [INFO] 🎬 [CineHorizons] Démarrage du scraping...
2025-12-18 19:14:46,597 [INFO] ✅ Ajouté : Disclosure Day
2025-12-18 19:14:46,635 [INFO] ✅ [CineHorizons] 1 nouvelles bandes-annonces trouvées.
2025-12-18 19:14:46,635 [INFO] 🎞 [TMDb] Démarrage du scraping...
2025-12-18 19:14:47,555 [INFO] ✅ [TMDb] 0 nouvelles bandes-annonces ajoutées.
2025-12-18 19:14:47,558 [INFO] 💾 Fichier HTML mis à jour : /home/runner/work/l-oeil-critique/l-oeil-critique/l_oeil_critique/bande_annonces_blocs.html
2025-12-18 19:14:47,558 [INFO] 🏷️  Badge NOUVEAU appliqué aux 6 premiers articles
2025-12-18 19:14:47,558 [INFO] ✅ 1 nouvelles bandes-annonces ajoutées.
2025-12-19 07:28:45,221 [INFO] ============================================================
2025-12-19 07:28:45,221 [INFO] 🚀 Lancement du script de mise à jour des bandes-annonces
2025-12-19 07:28:45,221 [INFO] ============================================================
2025-12-19 07:28:45,221 [INFO] 📋 48 bandes-annonces déjà en base
2025-12-19 07:28:45,222 [INFO] 🎬 [CineHorizons] Démarrage du scraping...
2025-12-19 07:28:49,186 [INFO] ✅ [CineHorizons] 0 nouvelles bandes-annonces trouvées.
2025-12-19 07:28:49,186 [INFO] 🎞 [TMDb] Démarrage du scraping...
2025-12-19 07:28:49,519 [INFO] ✅ Ajouté : Bob l'éponge, le film : Un pour tous, tous pirates !
2025-12-19 07:28:49,651 [INFO] ✅ [TMDb] 1 nouvelles bandes-annonces ajoutées.
2025-12-19 07:28:49,655 [INFO] 💾 Fichier HTML mis à jour : /home/runner/work/l-oeil-critique/l-oeil-critique/l_oeil_critique/bande_annonces_blocs.html
2025-12-19 07:28:49,655 [INFO] 🏷️  Badge NOUVEAU appliqué aux 6 premiers articles
2025-12-19 07:28:49,655 [INFO] ✅ 1 nouvelles bandes-annonces ajoutées.
